{"contracts/DtravelConfig.sol":{"l":{"27":432,"28":432,"29":432,"30":432,"31":432,"32":432,"37":2,"38":1,"39":1,"40":1,"44":0,"45":0,"46":0,"50":3,"51":2,"52":2,"56":1,"57":1,"58":1,"62":2,"63":1,"64":1,"65":1,"69":3,"70":2,"71":2,"72":2},"path":"/Users/hahung/Development/Workspace/solidity/dtravel-payment-contracts/contracts/DtravelConfig.sol","s":{"1":432,"2":432,"3":432,"4":432,"5":432,"6":432,"7":2,"8":1,"9":1,"10":1,"11":0,"12":0,"13":0,"14":3,"15":2,"16":2,"17":1,"18":1,"19":1,"20":2,"21":1,"22":1,"23":1,"24":3,"25":2,"26":2,"27":2},"b":{"1":[1,1],"2":[2,1],"3":[1,0],"4":[1,1],"5":[2,1]},"f":{"1":432,"2":2,"3":0,"4":3,"5":1,"6":2,"7":3},"fnMap":{"1":{"name":"constructor","line":21,"loc":{"start":{"line":21,"column":4},"end":{"line":34,"column":4}}},"2":{"name":"updateFee","line":36,"loc":{"start":{"line":36,"column":4},"end":{"line":41,"column":4}}},"3":{"name":"updatePayoutDelayTime","line":43,"loc":{"start":{"line":43,"column":4},"end":{"line":47,"column":4}}},"4":{"name":"addSupportedToken","line":49,"loc":{"start":{"line":49,"column":4},"end":{"line":53,"column":4}}},"5":{"name":"removeSupportedToken","line":55,"loc":{"start":{"line":55,"column":4},"end":{"line":59,"column":4}}},"6":{"name":"updateTreasury","line":61,"loc":{"start":{"line":61,"column":4},"end":{"line":66,"column":4}}},"7":{"name":"updateDtravelBackend","line":68,"loc":{"start":{"line":68,"column":4},"end":{"line":73,"column":4}}}},"statementMap":{"1":{"start":{"line":27,"column":8},"end":{"line":27,"column":17}},"2":{"start":{"line":28,"column":8},"end":{"line":28,"column":41}},"3":{"start":{"line":29,"column":8},"end":{"line":29,"column":34}},"4":{"start":{"line":30,"column":8},"end":{"line":30,"column":34}},"5":{"start":{"line":31,"column":8},"end":{"line":31,"column":1087}},"6":{"start":{"line":32,"column":12},"end":{"line":32,"column":45}},"7":{"start":{"line":37,"column":8},"end":{"line":37,"column":83}},"8":{"start":{"line":38,"column":8},"end":{"line":38,"column":28}},"9":{"start":{"line":39,"column":8},"end":{"line":39,"column":17}},"10":{"start":{"line":40,"column":8},"end":{"line":40,"column":37}},"11":{"start":{"line":44,"column":8},"end":{"line":44,"column":52}},"12":{"start":{"line":45,"column":8},"end":{"line":45,"column":41}},"13":{"start":{"line":46,"column":8},"end":{"line":46,"column":73}},"14":{"start":{"line":50,"column":8},"end":{"line":50,"column":69}},"15":{"start":{"line":51,"column":8},"end":{"line":51,"column":37}},"16":{"start":{"line":52,"column":8},"end":{"line":52,"column":40}},"17":{"start":{"line":56,"column":8},"end":{"line":56,"column":69}},"18":{"start":{"line":57,"column":8},"end":{"line":57,"column":38}},"19":{"start":{"line":58,"column":8},"end":{"line":58,"column":42}},"20":{"start":{"line":62,"column":8},"end":{"line":62,"column":75}},"21":{"start":{"line":63,"column":8},"end":{"line":63,"column":45}},"22":{"start":{"line":64,"column":8},"end":{"line":64,"column":34}},"23":{"start":{"line":65,"column":8},"end":{"line":65,"column":52}},"24":{"start":{"line":69,"column":8},"end":{"line":69,"column":73}},"25":{"start":{"line":70,"column":8},"end":{"line":70,"column":43}},"26":{"start":{"line":71,"column":8},"end":{"line":71,"column":32}},"27":{"start":{"line":72,"column":8},"end":{"line":72,"column":49}}},"branchMap":{"1":{"line":37,"type":"if","locations":[{"start":{"line":37,"column":8},"end":{"line":37,"column":8}},{"start":{"line":37,"column":8},"end":{"line":37,"column":8}}]},"2":{"line":50,"type":"if","locations":[{"start":{"line":50,"column":8},"end":{"line":50,"column":8}},{"start":{"line":50,"column":8},"end":{"line":50,"column":8}}]},"3":{"line":56,"type":"if","locations":[{"start":{"line":56,"column":8},"end":{"line":56,"column":8}},{"start":{"line":56,"column":8},"end":{"line":56,"column":8}}]},"4":{"line":62,"type":"if","locations":[{"start":{"line":62,"column":8},"end":{"line":62,"column":8}},{"start":{"line":62,"column":8},"end":{"line":62,"column":8}}]},"5":{"line":69,"type":"if","locations":[{"start":{"line":69,"column":8},"end":{"line":69,"column":8}},{"start":{"line":69,"column":8},"end":{"line":69,"column":8}}]}}},"contracts/DtravelEIP712.sol":{"l":{"30":28,"31":28,"34":28,"42":28,"43":28,"44":5,"46":23,"50":28,"63":49,"74":28,"90":28,"91":27,"92":27,"93":22,"95":27,"97":1,"102":28,"110":28,"111":28,"112":28,"113":0,"115":28,"127":28,"128":28,"142":28},"path":"/Users/hahung/Development/Workspace/solidity/dtravel-payment-contracts/contracts/DtravelEIP712.sol","s":{"1":28,"2":28,"3":28,"4":28,"5":5,"6":23,"7":28,"8":49,"9":28,"10":28,"11":27,"12":27,"13":22,"14":27,"15":1,"16":28,"17":28,"18":28,"19":28,"20":0,"21":28,"22":28,"23":28},"b":{"1":[5,23],"2":[27,1],"3":[0,28],"4":[28,0]},"f":{"1":28,"2":28,"3":49,"4":28,"5":28,"6":28,"7":28,"8":28},"fnMap":{"1":{"name":"verify","line":24,"loc":{"start":{"line":24,"column":4},"end":{"line":47,"column":4}}},"2":{"name":"hashDomain","line":49,"loc":{"start":{"line":49,"column":4},"end":{"line":60,"column":4}}},"3":{"name":"hashCancellationPolicy","line":62,"loc":{"start":{"line":62,"column":4},"end":{"line":71,"column":4}}},"4":{"name":"hashBookingParameters","line":73,"loc":{"start":{"line":73,"column":4},"end":{"line":87,"column":4}}},"5":{"name":"hashCancellationPolicyArray","line":89,"loc":{"start":{"line":89,"column":4},"end":{"line":99,"column":4}}},"6":{"name":"digest","line":101,"loc":{"start":{"line":101,"column":4},"end":{"line":103,"column":4}}},"7":{"name":"recoverSigner","line":105,"loc":{"start":{"line":105,"column":4},"end":{"line":116,"column":4}}},"8":{"name":"splitSignature","line":118,"loc":{"start":{"line":118,"column":4},"end":{"line":143,"column":4}}}},"statementMap":{"1":{"start":{"line":30,"column":8},"end":{"line":30,"column":23}},"2":{"start":{"line":34,"column":8},"end":{"line":34,"column":1186}},"3":{"start":{"line":42,"column":8},"end":{"line":42,"column":78}},"4":{"start":{"line":43,"column":8},"end":{"line":43,"column":1522}},"5":{"start":{"line":44,"column":12},"end":{"line":44,"column":48}},"6":{"start":{"line":46,"column":8},"end":{"line":46,"column":19}},"7":{"start":{"line":50,"column":8},"end":{"line":50,"column":1750}},"8":{"start":{"line":63,"column":8},"end":{"line":63,"column":2225}},"9":{"start":{"line":74,"column":8},"end":{"line":74,"column":2597}},"10":{"start":{"line":90,"column":8},"end":{"line":90,"column":3289}},"11":{"start":{"line":91,"column":12},"end":{"line":91,"column":91}},"12":{"start":{"line":92,"column":12},"end":{"line":92,"column":3422}},"13":{"start":{"line":93,"column":16},"end":{"line":93,"column":100}},"14":{"start":{"line":95,"column":12},"end":{"line":95,"column":47}},"15":{"start":{"line":97,"column":12},"end":{"line":97,"column":32}},"16":{"start":{"line":102,"column":8},"end":{"line":102,"column":106}},"17":{"start":{"line":110,"column":8},"end":{"line":110,"column":67}},"18":{"start":{"line":111,"column":8},"end":{"line":111,"column":80}},"19":{"start":{"line":112,"column":8},"end":{"line":112,"column":4264}},"20":{"start":{"line":113,"column":12},"end":{"line":113,"column":41}},"21":{"start":{"line":115,"column":8},"end":{"line":115,"column":21}},"22":{"start":{"line":127,"column":8},"end":{"line":127,"column":68}},"23":{"start":{"line":142,"column":8},"end":{"line":142,"column":24}}},"branchMap":{"1":{"line":43,"type":"if","locations":[{"start":{"line":43,"column":8},"end":{"line":43,"column":8}},{"start":{"line":43,"column":8},"end":{"line":43,"column":8}}]},"2":{"line":90,"type":"if","locations":[{"start":{"line":90,"column":8},"end":{"line":90,"column":8}},{"start":{"line":90,"column":8},"end":{"line":90,"column":8}}]},"3":{"line":112,"type":"if","locations":[{"start":{"line":112,"column":8},"end":{"line":112,"column":8}},{"start":{"line":112,"column":8},"end":{"line":112,"column":8}}]},"4":{"line":127,"type":"if","locations":[{"start":{"line":127,"column":8},"end":{"line":127,"column":8}},{"start":{"line":127,"column":8},"end":{"line":127,"column":8}}]}}},"contracts/DtravelFactory.sol":{"l":{"36":288,"40":55,"41":51,"45":51,"46":51,"47":50,"51":50,"52":50,"53":50,"54":50,"55":50,"56":50,"57":50,"59":50,"68":22,"69":22,"73":20,"83":4,"91":3,"101":2},"path":"/Users/hahung/Development/Workspace/solidity/dtravel-payment-contracts/contracts/DtravelFactory.sol","s":{"1":288,"2":55,"3":51,"4":51,"5":50,"6":50,"7":50,"8":50,"9":50,"10":50,"11":50,"12":50,"13":22,"14":22,"15":20,"16":4,"17":3,"18":2},"b":{"1":[51,4],"2":[50,1],"3":[50,0],"4":[50,0]},"f":{"1":288,"2":55,"3":51,"4":50,"5":22,"6":20,"7":4,"8":3,"9":2},"fnMap":{"1":{"name":"constructor","line":35,"loc":{"start":{"line":35,"column":4},"end":{"line":37,"column":4}}},"2":{"name":"onlyMatchingProperty","line":39,"loc":{"start":{"line":39,"column":4},"end":{"line":42,"column":4}}},"3":{"name":"onlyOwnerOrDtravelBackend","line":44,"loc":{"start":{"line":44,"column":4},"end":{"line":48,"column":4}}},"4":{"name":"deployProperty","line":50,"loc":{"start":{"line":50,"column":4},"end":{"line":60,"column":4}}},"5":{"name":"verifyBookingData","line":65,"loc":{"start":{"line":62,"column":4},"end":{"line":70,"column":4}}},"6":{"name":"book","line":72,"loc":{"start":{"line":72,"column":4},"end":{"line":74,"column":4}}},"7":{"name":"cancelByGuest","line":82,"loc":{"start":{"line":76,"column":4},"end":{"line":84,"column":4}}},"8":{"name":"cancelByHost","line":90,"loc":{"start":{"line":86,"column":4},"end":{"line":92,"column":4}}},"9":{"name":"payout","line":100,"loc":{"start":{"line":94,"column":4},"end":{"line":102,"column":4}}}},"statementMap":{"1":{"start":{"line":36,"column":8},"end":{"line":36,"column":31}},"2":{"start":{"line":40,"column":8},"end":{"line":40,"column":82}},"3":{"start":{"line":45,"column":8},"end":{"line":45,"column":62}},"4":{"start":{"line":46,"column":8},"end":{"line":46,"column":133}},"5":{"start":{"line":51,"column":8},"end":{"line":51,"column":64}},"6":{"start":{"line":52,"column":8},"end":{"line":52,"column":71}},"7":{"start":{"line":53,"column":8},"end":{"line":53,"column":64}},"8":{"start":{"line":54,"column":8},"end":{"line":54,"column":1911}},"9":{"start":{"line":55,"column":12},"end":{"line":55,"column":105}},"10":{"start":{"line":56,"column":12},"end":{"line":56,"column":52}},"11":{"start":{"line":57,"column":12},"end":{"line":57,"column":44}},"12":{"start":{"line":59,"column":8},"end":{"line":59,"column":53}},"13":{"start":{"line":68,"column":8},"end":{"line":68,"column":62}},"14":{"start":{"line":69,"column":8},"end":{"line":69,"column":93}},"15":{"start":{"line":73,"column":8},"end":{"line":73,"column":58}},"16":{"start":{"line":83,"column":8},"end":{"line":83,"column":112}},"17":{"start":{"line":91,"column":8},"end":{"line":91,"column":81}},"18":{"start":{"line":101,"column":8},"end":{"line":101,"column":104}}},"branchMap":{"1":{"line":40,"type":"if","locations":[{"start":{"line":40,"column":8},"end":{"line":40,"column":8}},{"start":{"line":40,"column":8},"end":{"line":40,"column":8}}]},"2":{"line":46,"type":"if","locations":[{"start":{"line":46,"column":8},"end":{"line":46,"column":8}},{"start":{"line":46,"column":8},"end":{"line":46,"column":8}}]},"3":{"line":51,"type":"if","locations":[{"start":{"line":51,"column":8},"end":{"line":51,"column":8}},{"start":{"line":51,"column":8},"end":{"line":51,"column":8}}]},"4":{"line":52,"type":"if","locations":[{"start":{"line":52,"column":8},"end":{"line":52,"column":8}},{"start":{"line":52,"column":8},"end":{"line":52,"column":8}}]}}},"contracts/DtravelProperty.sol":{"l":{"34":50,"35":50,"36":50,"37":50,"44":0,"46":0,"53":8,"58":6,"62":2,"66":1,"73":24,"74":24,"75":23,"76":22,"77":22,"81":22,"83":22,"84":44,"90":22,"91":22,"92":22,"99":22,"101":21,"110":24,"112":21,"116":20,"118":20,"119":20,"120":20,"121":40,"123":20,"124":20,"125":20,"126":20,"127":20,"128":20,"129":20,"131":20,"134":20,"138":9,"144":8,"146":9,"150":7,"151":6,"152":6,"153":5,"154":4,"156":4,"157":4,"158":6,"159":3,"160":3,"164":4,"167":4,"168":4,"170":4,"171":4,"172":4,"174":4,"183":5,"184":4,"185":4,"187":3,"189":3,"190":0,"196":1,"198":2,"199":3,"200":2,"204":2,"205":2,"210":3,"212":2,"214":2,"220":2,"221":2,"223":2,"224":2,"226":2,"234":3,"235":3,"236":3,"243":3,"245":3,"247":3,"249":3,"253":2,"257":3,"258":3,"259":3,"260":3,"261":4,"263":3,"267":43,"268":43,"269":41,"273":9,"282":20,"283":20,"284":20,"286":0,"294":19,"295":14,"296":14,"298":5},"path":"/Users/hahung/Development/Workspace/solidity/dtravel-payment-contracts/contracts/DtravelProperty.sol","s":{"1":50,"2":50,"3":50,"4":50,"5":0,"6":8,"7":2,"8":1,"9":24,"10":24,"11":23,"12":22,"13":22,"14":22,"15":22,"16":44,"17":22,"18":22,"19":22,"20":22,"21":21,"22":24,"23":21,"24":20,"25":20,"26":20,"27":20,"28":40,"29":20,"30":20,"31":20,"32":20,"33":20,"34":20,"35":20,"36":20,"37":20,"38":9,"39":8,"40":9,"41":7,"42":6,"43":6,"44":5,"45":4,"46":4,"47":4,"48":6,"49":3,"50":4,"51":4,"52":4,"53":4,"54":4,"55":4,"56":4,"57":5,"58":4,"59":4,"60":3,"61":3,"62":0,"63":3,"64":1,"65":2,"66":3,"67":2,"68":2,"69":3,"70":2,"71":2,"72":2,"73":2,"74":2,"75":2,"76":2,"77":3,"78":3,"79":3,"80":3,"81":3,"82":3,"83":3,"84":2,"85":3,"86":3,"87":3,"88":3,"89":4,"90":3,"91":43,"92":43,"93":41,"94":9,"95":20,"96":20,"97":20,"98":0,"99":19,"100":14,"101":14,"102":5},"b":{"1":[0,0],"2":[6,2],"3":[24,0],"4":[23,1],"5":[22,1],"6":[22,0],"7":[22,0],"8":[22,0],"9":[44,0],"10":[22,0],"11":[22,0],"12":[21,1],"13":[20,1],"14":[8,1],"15":[6,0],"16":[5,1],"17":[4,1],"18":[4,0],"19":[3,3],"20":[4,0],"21":[3,1],"22":[0,3],"23":[1,2],"24":[2,1],"25":[2,0],"26":[2,1],"27":[3,0],"28":[3,0],"29":[3,0],"30":[41,2],"31":[20,0],"32":[14,5]},"f":{"1":50,"2":0,"3":8,"4":2,"5":1,"6":24,"7":24,"8":9,"9":7,"10":5,"11":3,"12":2,"13":3,"14":43,"15":9,"16":20,"17":19},"fnMap":{"1":{"name":"constructor","line":28,"loc":{"start":{"line":28,"column":4},"end":{"line":38,"column":4}}},"2":{"name":"onlyBackend","line":43,"loc":{"start":{"line":43,"column":4},"end":{"line":47,"column":4}}},"3":{"name":"onlyHostOrDelegate","line":52,"loc":{"start":{"line":52,"column":4},"end":{"line":59,"column":4}}},"4":{"name":"approve","line":61,"loc":{"start":{"line":61,"column":4},"end":{"line":63,"column":4}}},"5":{"name":"revoke","line":65,"loc":{"start":{"line":65,"column":4},"end":{"line":67,"column":4}}},"6":{"name":"validateBookingParameters","line":69,"loc":{"start":{"line":69,"column":4},"end":{"line":102,"column":4}}},"7":{"name":"book","line":108,"loc":{"start":{"line":108,"column":4},"end":{"line":135,"column":4}}},"8":{"name":"_updateBookingStatus","line":137,"loc":{"start":{"line":137,"column":4},"end":{"line":147,"column":4}}},"9":{"name":"cancel","line":149,"loc":{"start":{"line":149,"column":4},"end":{"line":175,"column":4}}},"10":{"name":"payout","line":182,"loc":{"start":{"line":182,"column":4},"end":{"line":227,"column":4}}},"11":{"name":"cancelByHost","line":233,"loc":{"start":{"line":233,"column":4},"end":{"line":250,"column":4}}},"12":{"name":"totalBooking","line":252,"loc":{"start":{"line":252,"column":4},"end":{"line":254,"column":4}}},"13":{"name":"bookingHistory","line":256,"loc":{"start":{"line":256,"column":4},"end":{"line":264,"column":4}}},"14":{"name":"getBookingIndex","line":266,"loc":{"start":{"line":266,"column":4},"end":{"line":270,"column":4}}},"15":{"name":"getBooking","line":272,"loc":{"start":{"line":272,"column":4},"end":{"line":274,"column":4}}},"16":{"name":"_safeTransferFrom","line":276,"loc":{"start":{"line":276,"column":4},"end":{"line":287,"column":4}}},"17":{"name":"_safeTransfer","line":289,"loc":{"start":{"line":289,"column":4},"end":{"line":299,"column":4}}}},"statementMap":{"1":{"start":{"line":34,"column":8},"end":{"line":34,"column":15}},"2":{"start":{"line":35,"column":8},"end":{"line":35,"column":47}},"3":{"start":{"line":36,"column":8},"end":{"line":36,"column":50}},"4":{"start":{"line":37,"column":8},"end":{"line":37,"column":19}},"5":{"start":{"line":44,"column":8},"end":{"line":44,"column":121}},"6":{"start":{"line":53,"column":8},"end":{"line":53,"column":1860}},"7":{"start":{"line":62,"column":8},"end":{"line":62,"column":37}},"8":{"start":{"line":66,"column":8},"end":{"line":66,"column":38}},"9":{"start":{"line":73,"column":8},"end":{"line":73,"column":87}},"10":{"start":{"line":74,"column":8},"end":{"line":74,"column":105}},"11":{"start":{"line":75,"column":8},"end":{"line":75,"column":107}},"12":{"start":{"line":76,"column":8},"end":{"line":76,"column":118}},"13":{"start":{"line":77,"column":8},"end":{"line":77,"column":2872}},"14":{"start":{"line":81,"column":8},"end":{"line":81,"column":121}},"15":{"start":{"line":83,"column":8},"end":{"line":83,"column":3169}},"16":{"start":{"line":84,"column":12},"end":{"line":84,"column":3253}},"17":{"start":{"line":90,"column":8},"end":{"line":90,"column":3452}},"18":{"start":{"line":91,"column":12},"end":{"line":91,"column":3515}},"19":{"start":{"line":92,"column":16},"end":{"line":92,"column":3607}},"20":{"start":{"line":99,"column":8},"end":{"line":99,"column":101}},"21":{"start":{"line":101,"column":8},"end":{"line":101,"column":19}},"22":{"start":{"line":110,"column":8},"end":{"line":110,"column":53}},"23":{"start":{"line":112,"column":8},"end":{"line":112,"column":4317}},"24":{"start":{"line":116,"column":8},"end":{"line":116,"column":89}},"25":{"start":{"line":118,"column":8},"end":{"line":118,"column":22}},"26":{"start":{"line":119,"column":8},"end":{"line":119,"column":50}},"27":{"start":{"line":120,"column":8},"end":{"line":120,"column":4660}},"28":{"start":{"line":121,"column":12},"end":{"line":121,"column":92}},"29":{"start":{"line":123,"column":8},"end":{"line":123,"column":52}},"30":{"start":{"line":124,"column":8},"end":{"line":124,"column":73}},"31":{"start":{"line":125,"column":8},"end":{"line":125,"column":75}},"32":{"start":{"line":126,"column":8},"end":{"line":126,"column":61}},"33":{"start":{"line":127,"column":8},"end":{"line":127,"column":48}},"34":{"start":{"line":128,"column":8},"end":{"line":128,"column":51}},"35":{"start":{"line":129,"column":8},"end":{"line":129,"column":63}},"36":{"start":{"line":131,"column":8},"end":{"line":131,"column":56}},"37":{"start":{"line":134,"column":8},"end":{"line":134,"column":46}},"38":{"start":{"line":138,"column":8},"end":{"line":138,"column":5523}},"39":{"start":{"line":144,"column":12},"end":{"line":144,"column":60}},"40":{"start":{"line":146,"column":8},"end":{"line":146,"column":61}},"41":{"start":{"line":150,"column":8},"end":{"line":150,"column":70}},"42":{"start":{"line":151,"column":8},"end":{"line":151,"column":79}},"43":{"start":{"line":152,"column":8},"end":{"line":152,"column":94}},"44":{"start":{"line":153,"column":8},"end":{"line":153,"column":89}},"45":{"start":{"line":154,"column":8},"end":{"line":154,"column":121}},"46":{"start":{"line":156,"column":8},"end":{"line":156,"column":31}},"47":{"start":{"line":157,"column":8},"end":{"line":157,"column":6483}},"48":{"start":{"line":158,"column":12},"end":{"line":158,"column":6567}},"49":{"start":{"line":159,"column":16},"end":{"line":159,"column":73}},"50":{"start":{"line":164,"column":8},"end":{"line":164,"column":71}},"51":{"start":{"line":167,"column":8},"end":{"line":167,"column":97}},"52":{"start":{"line":168,"column":8},"end":{"line":168,"column":75}},"53":{"start":{"line":170,"column":8},"end":{"line":170,"column":63}},"54":{"start":{"line":171,"column":8},"end":{"line":171,"column":53}},"55":{"start":{"line":172,"column":8},"end":{"line":172,"column":85}},"56":{"start":{"line":174,"column":8},"end":{"line":174,"column":106}},"57":{"start":{"line":183,"column":8},"end":{"line":183,"column":71}},"58":{"start":{"line":184,"column":8},"end":{"line":184,"column":79}},"59":{"start":{"line":185,"column":8},"end":{"line":185,"column":96}},"60":{"start":{"line":187,"column":8},"end":{"line":187,"column":28}},"61":{"start":{"line":189,"column":8},"end":{"line":189,"column":7964}},"62":{"start":{"line":190,"column":12},"end":{"line":190,"column":37}},"63":{"start":{"line":191,"column":15},"end":{"line":191,"column":8067}},"64":{"start":{"line":196,"column":12},"end":{"line":196,"column":37}},"65":{"start":{"line":198,"column":12},"end":{"line":198,"column":8331}},"66":{"start":{"line":199,"column":16},"end":{"line":199,"column":8419}},"67":{"start":{"line":200,"column":20},"end":{"line":200,"column":8547}},"68":{"start":{"line":204,"column":20},"end":{"line":204,"column":92}},"69":{"start":{"line":210,"column":8},"end":{"line":210,"column":61}},"70":{"start":{"line":212,"column":8},"end":{"line":212,"column":34}},"71":{"start":{"line":214,"column":8},"end":{"line":214,"column":8997}},"72":{"start":{"line":220,"column":8},"end":{"line":220,"column":74}},"73":{"start":{"line":221,"column":8},"end":{"line":221,"column":54}},"74":{"start":{"line":223,"column":8},"end":{"line":223,"column":53}},"75":{"start":{"line":224,"column":8},"end":{"line":224,"column":85}},"76":{"start":{"line":226,"column":8},"end":{"line":226,"column":116}},"77":{"start":{"line":234,"column":8},"end":{"line":234,"column":70}},"78":{"start":{"line":235,"column":8},"end":{"line":235,"column":79}},"79":{"start":{"line":236,"column":8},"end":{"line":236,"column":10088}},"80":{"start":{"line":243,"column":8},"end":{"line":243,"column":45}},"81":{"start":{"line":245,"column":8},"end":{"line":245,"column":70}},"82":{"start":{"line":247,"column":8},"end":{"line":247,"column":63}},"83":{"start":{"line":249,"column":8},"end":{"line":249,"column":77}},"84":{"start":{"line":253,"column":8},"end":{"line":253,"column":30}},"85":{"start":{"line":257,"column":8},"end":{"line":257,"column":89}},"86":{"start":{"line":258,"column":8},"end":{"line":258,"column":116}},"87":{"start":{"line":259,"column":8},"end":{"line":259,"column":61}},"88":{"start":{"line":260,"column":8},"end":{"line":260,"column":11126}},"89":{"start":{"line":261,"column":12},"end":{"line":261,"column":48}},"90":{"start":{"line":263,"column":8},"end":{"line":263,"column":21}},"91":{"start":{"line":267,"column":8},"end":{"line":267,"column":51}},"92":{"start":{"line":268,"column":8},"end":{"line":268,"column":65}},"93":{"start":{"line":269,"column":8},"end":{"line":269,"column":28}},"94":{"start":{"line":273,"column":8},"end":{"line":273,"column":52}},"95":{"start":{"line":282,"column":8},"end":{"line":282,"column":11832}},"96":{"start":{"line":283,"column":12},"end":{"line":283,"column":81}},"97":{"start":{"line":284,"column":12},"end":{"line":284,"column":23}},"98":{"start":{"line":286,"column":8},"end":{"line":286,"column":20}},"99":{"start":{"line":294,"column":8},"end":{"line":294,"column":12142}},"100":{"start":{"line":295,"column":12},"end":{"line":295,"column":68}},"101":{"start":{"line":296,"column":12},"end":{"line":296,"column":23}},"102":{"start":{"line":298,"column":8},"end":{"line":298,"column":20}}},"branchMap":{"1":{"line":44,"type":"if","locations":[{"start":{"line":44,"column":8},"end":{"line":44,"column":8}},{"start":{"line":44,"column":8},"end":{"line":44,"column":8}}]},"2":{"line":53,"type":"if","locations":[{"start":{"line":53,"column":8},"end":{"line":53,"column":8}},{"start":{"line":53,"column":8},"end":{"line":53,"column":8}}]},"3":{"line":73,"type":"if","locations":[{"start":{"line":73,"column":8},"end":{"line":73,"column":8}},{"start":{"line":73,"column":8},"end":{"line":73,"column":8}}]},"4":{"line":74,"type":"if","locations":[{"start":{"line":74,"column":8},"end":{"line":74,"column":8}},{"start":{"line":74,"column":8},"end":{"line":74,"column":8}}]},"5":{"line":75,"type":"if","locations":[{"start":{"line":75,"column":8},"end":{"line":75,"column":8}},{"start":{"line":75,"column":8},"end":{"line":75,"column":8}}]},"6":{"line":76,"type":"if","locations":[{"start":{"line":76,"column":8},"end":{"line":76,"column":8}},{"start":{"line":76,"column":8},"end":{"line":76,"column":8}}]},"7":{"line":77,"type":"if","locations":[{"start":{"line":77,"column":8},"end":{"line":77,"column":8}},{"start":{"line":77,"column":8},"end":{"line":77,"column":8}}]},"8":{"line":81,"type":"if","locations":[{"start":{"line":81,"column":8},"end":{"line":81,"column":8}},{"start":{"line":81,"column":8},"end":{"line":81,"column":8}}]},"9":{"line":84,"type":"if","locations":[{"start":{"line":84,"column":12},"end":{"line":84,"column":12}},{"start":{"line":84,"column":12},"end":{"line":84,"column":12}}]},"10":{"line":90,"type":"if","locations":[{"start":{"line":90,"column":8},"end":{"line":90,"column":8}},{"start":{"line":90,"column":8},"end":{"line":90,"column":8}}]},"11":{"line":92,"type":"if","locations":[{"start":{"line":92,"column":16},"end":{"line":92,"column":16}},{"start":{"line":92,"column":16},"end":{"line":92,"column":16}}]},"12":{"line":99,"type":"if","locations":[{"start":{"line":99,"column":8},"end":{"line":99,"column":8}},{"start":{"line":99,"column":8},"end":{"line":99,"column":8}}]},"13":{"line":112,"type":"if","locations":[{"start":{"line":112,"column":8},"end":{"line":112,"column":8}},{"start":{"line":112,"column":8},"end":{"line":112,"column":8}}]},"14":{"line":138,"type":"if","locations":[{"start":{"line":138,"column":8},"end":{"line":138,"column":8}},{"start":{"line":138,"column":8},"end":{"line":138,"column":8}}]},"15":{"line":151,"type":"if","locations":[{"start":{"line":151,"column":8},"end":{"line":151,"column":8}},{"start":{"line":151,"column":8},"end":{"line":151,"column":8}}]},"16":{"line":152,"type":"if","locations":[{"start":{"line":152,"column":8},"end":{"line":152,"column":8}},{"start":{"line":152,"column":8},"end":{"line":152,"column":8}}]},"17":{"line":153,"type":"if","locations":[{"start":{"line":153,"column":8},"end":{"line":153,"column":8}},{"start":{"line":153,"column":8},"end":{"line":153,"column":8}}]},"18":{"line":154,"type":"if","locations":[{"start":{"line":154,"column":8},"end":{"line":154,"column":8}},{"start":{"line":154,"column":8},"end":{"line":154,"column":8}}]},"19":{"line":158,"type":"if","locations":[{"start":{"line":158,"column":12},"end":{"line":158,"column":12}},{"start":{"line":158,"column":12},"end":{"line":158,"column":12}}]},"20":{"line":184,"type":"if","locations":[{"start":{"line":184,"column":8},"end":{"line":184,"column":8}},{"start":{"line":184,"column":8},"end":{"line":184,"column":8}}]},"21":{"line":185,"type":"if","locations":[{"start":{"line":185,"column":8},"end":{"line":185,"column":8}},{"start":{"line":185,"column":8},"end":{"line":185,"column":8}}]},"22":{"line":189,"type":"if","locations":[{"start":{"line":189,"column":8},"end":{"line":189,"column":8}},{"start":{"line":189,"column":8},"end":{"line":189,"column":8}}]},"23":{"line":191,"type":"if","locations":[{"start":{"line":191,"column":15},"end":{"line":191,"column":15}},{"start":{"line":191,"column":15},"end":{"line":191,"column":15}}]},"24":{"line":199,"type":"if","locations":[{"start":{"line":199,"column":16},"end":{"line":199,"column":16}},{"start":{"line":199,"column":16},"end":{"line":199,"column":16}}]},"25":{"line":200,"type":"if","locations":[{"start":{"line":200,"column":20},"end":{"line":200,"column":20}},{"start":{"line":200,"column":20},"end":{"line":200,"column":20}}]},"26":{"line":210,"type":"if","locations":[{"start":{"line":210,"column":8},"end":{"line":210,"column":8}},{"start":{"line":210,"column":8},"end":{"line":210,"column":8}}]},"27":{"line":235,"type":"if","locations":[{"start":{"line":235,"column":8},"end":{"line":235,"column":8}},{"start":{"line":235,"column":8},"end":{"line":235,"column":8}}]},"28":{"line":236,"type":"if","locations":[{"start":{"line":236,"column":8},"end":{"line":236,"column":8}},{"start":{"line":236,"column":8},"end":{"line":236,"column":8}}]},"29":{"line":257,"type":"if","locations":[{"start":{"line":257,"column":8},"end":{"line":257,"column":8}},{"start":{"line":257,"column":8},"end":{"line":257,"column":8}}]},"30":{"line":268,"type":"if","locations":[{"start":{"line":268,"column":8},"end":{"line":268,"column":8}},{"start":{"line":268,"column":8},"end":{"line":268,"column":8}}]},"31":{"line":282,"type":"if","locations":[{"start":{"line":282,"column":8},"end":{"line":282,"column":8}},{"start":{"line":282,"column":8},"end":{"line":282,"column":8}}]},"32":{"line":294,"type":"if","locations":[{"start":{"line":294,"column":8},"end":{"line":294,"column":8}},{"start":{"line":294,"column":8},"end":{"line":294,"column":8}}]}}},"contracts/DtravelStructs.sol":{"l":{},"path":"/Users/hahung/Development/Workspace/solidity/dtravel-payment-contracts/contracts/DtravelStructs.sol","s":{},"b":{},"f":{},"fnMap":{},"statementMap":{},"branchMap":{}}}