{"contracts/DtravelConfig.sol":{"l":{"27":450,"28":450,"29":450,"30":450,"31":450,"32":450,"37":2,"38":1,"39":1,"40":1,"44":1,"45":1,"46":1,"50":3,"51":2,"52":2,"56":1,"57":1,"58":1,"62":2,"63":1,"64":1,"65":1,"69":3,"70":2,"71":2,"72":2},"path":"/Users/hahung/Development/Workspace/solidity/dtravel-payment-contracts/contracts/DtravelConfig.sol","s":{"1":450,"2":450,"3":450,"4":450,"5":450,"6":450,"7":2,"8":1,"9":1,"10":1,"11":1,"12":1,"13":1,"14":3,"15":2,"16":2,"17":1,"18":1,"19":1,"20":2,"21":1,"22":1,"23":1,"24":3,"25":2,"26":2,"27":2},"b":{"1":[1,1],"2":[2,1],"3":[1,0],"4":[1,1],"5":[2,1]},"f":{"1":450,"2":2,"3":1,"4":3,"5":1,"6":2,"7":3},"fnMap":{"1":{"name":"constructor","line":21,"loc":{"start":{"line":21,"column":4},"end":{"line":34,"column":4}}},"2":{"name":"updateFee","line":36,"loc":{"start":{"line":36,"column":4},"end":{"line":41,"column":4}}},"3":{"name":"updatePayoutDelayTime","line":43,"loc":{"start":{"line":43,"column":4},"end":{"line":47,"column":4}}},"4":{"name":"addSupportedToken","line":49,"loc":{"start":{"line":49,"column":4},"end":{"line":53,"column":4}}},"5":{"name":"removeSupportedToken","line":55,"loc":{"start":{"line":55,"column":4},"end":{"line":59,"column":4}}},"6":{"name":"updateTreasury","line":61,"loc":{"start":{"line":61,"column":4},"end":{"line":66,"column":4}}},"7":{"name":"updateDtravelBackend","line":68,"loc":{"start":{"line":68,"column":4},"end":{"line":73,"column":4}}}},"statementMap":{"1":{"start":{"line":27,"column":8},"end":{"line":27,"column":17}},"2":{"start":{"line":28,"column":8},"end":{"line":28,"column":41}},"3":{"start":{"line":29,"column":8},"end":{"line":29,"column":34}},"4":{"start":{"line":30,"column":8},"end":{"line":30,"column":34}},"5":{"start":{"line":31,"column":8},"end":{"line":31,"column":1087}},"6":{"start":{"line":32,"column":12},"end":{"line":32,"column":45}},"7":{"start":{"line":37,"column":8},"end":{"line":37,"column":70}},"8":{"start":{"line":38,"column":8},"end":{"line":38,"column":28}},"9":{"start":{"line":39,"column":8},"end":{"line":39,"column":17}},"10":{"start":{"line":40,"column":8},"end":{"line":40,"column":37}},"11":{"start":{"line":44,"column":8},"end":{"line":44,"column":52}},"12":{"start":{"line":45,"column":8},"end":{"line":45,"column":41}},"13":{"start":{"line":46,"column":8},"end":{"line":46,"column":73}},"14":{"start":{"line":50,"column":8},"end":{"line":50,"column":69}},"15":{"start":{"line":51,"column":8},"end":{"line":51,"column":37}},"16":{"start":{"line":52,"column":8},"end":{"line":52,"column":40}},"17":{"start":{"line":56,"column":8},"end":{"line":56,"column":69}},"18":{"start":{"line":57,"column":8},"end":{"line":57,"column":38}},"19":{"start":{"line":58,"column":8},"end":{"line":58,"column":42}},"20":{"start":{"line":62,"column":8},"end":{"line":62,"column":75}},"21":{"start":{"line":63,"column":8},"end":{"line":63,"column":45}},"22":{"start":{"line":64,"column":8},"end":{"line":64,"column":34}},"23":{"start":{"line":65,"column":8},"end":{"line":65,"column":52}},"24":{"start":{"line":69,"column":8},"end":{"line":69,"column":73}},"25":{"start":{"line":70,"column":8},"end":{"line":70,"column":43}},"26":{"start":{"line":71,"column":8},"end":{"line":71,"column":32}},"27":{"start":{"line":72,"column":8},"end":{"line":72,"column":49}}},"branchMap":{"1":{"line":37,"type":"if","locations":[{"start":{"line":37,"column":8},"end":{"line":37,"column":8}},{"start":{"line":37,"column":8},"end":{"line":37,"column":8}}]},"2":{"line":50,"type":"if","locations":[{"start":{"line":50,"column":8},"end":{"line":50,"column":8}},{"start":{"line":50,"column":8},"end":{"line":50,"column":8}}]},"3":{"line":56,"type":"if","locations":[{"start":{"line":56,"column":8},"end":{"line":56,"column":8}},{"start":{"line":56,"column":8},"end":{"line":56,"column":8}}]},"4":{"line":62,"type":"if","locations":[{"start":{"line":62,"column":8},"end":{"line":62,"column":8}},{"start":{"line":62,"column":8},"end":{"line":62,"column":8}}]},"5":{"line":69,"type":"if","locations":[{"start":{"line":69,"column":8},"end":{"line":69,"column":8}},{"start":{"line":69,"column":8},"end":{"line":69,"column":8}}]}}},"contracts/DtravelEIP712.sol":{"l":{"30":28,"31":28,"34":28,"42":28,"43":28,"44":5,"46":23,"50":28,"63":49,"74":28,"90":28,"91":27,"92":27,"93":22,"95":27,"97":1,"102":28,"110":28,"111":28,"112":28,"113":0,"115":28,"127":28,"128":28,"142":28},"path":"/Users/hahung/Development/Workspace/solidity/dtravel-payment-contracts/contracts/DtravelEIP712.sol","s":{"1":28,"2":28,"3":28,"4":28,"5":5,"6":23,"7":28,"8":49,"9":28,"10":28,"11":27,"12":27,"13":22,"14":27,"15":1,"16":28,"17":28,"18":28,"19":28,"20":0,"21":28,"22":28,"23":28},"b":{"1":[5,23],"2":[27,1],"3":[0,28],"4":[28,0]},"f":{"1":28,"2":28,"3":49,"4":28,"5":28,"6":28,"7":28,"8":28},"fnMap":{"1":{"name":"verify","line":24,"loc":{"start":{"line":24,"column":4},"end":{"line":47,"column":4}}},"2":{"name":"hashDomain","line":49,"loc":{"start":{"line":49,"column":4},"end":{"line":60,"column":4}}},"3":{"name":"hashCancellationPolicy","line":62,"loc":{"start":{"line":62,"column":4},"end":{"line":71,"column":4}}},"4":{"name":"hashBookingParameters","line":73,"loc":{"start":{"line":73,"column":4},"end":{"line":87,"column":4}}},"5":{"name":"hashCancellationPolicyArray","line":89,"loc":{"start":{"line":89,"column":4},"end":{"line":99,"column":4}}},"6":{"name":"digest","line":101,"loc":{"start":{"line":101,"column":4},"end":{"line":103,"column":4}}},"7":{"name":"recoverSigner","line":105,"loc":{"start":{"line":105,"column":4},"end":{"line":116,"column":4}}},"8":{"name":"splitSignature","line":118,"loc":{"start":{"line":118,"column":4},"end":{"line":143,"column":4}}}},"statementMap":{"1":{"start":{"line":30,"column":8},"end":{"line":30,"column":23}},"2":{"start":{"line":34,"column":8},"end":{"line":34,"column":1186}},"3":{"start":{"line":42,"column":8},"end":{"line":42,"column":78}},"4":{"start":{"line":43,"column":8},"end":{"line":43,"column":1522}},"5":{"start":{"line":44,"column":12},"end":{"line":44,"column":48}},"6":{"start":{"line":46,"column":8},"end":{"line":46,"column":19}},"7":{"start":{"line":50,"column":8},"end":{"line":50,"column":1750}},"8":{"start":{"line":63,"column":8},"end":{"line":63,"column":2225}},"9":{"start":{"line":74,"column":8},"end":{"line":74,"column":2597}},"10":{"start":{"line":90,"column":8},"end":{"line":90,"column":3289}},"11":{"start":{"line":91,"column":12},"end":{"line":91,"column":91}},"12":{"start":{"line":92,"column":12},"end":{"line":92,"column":3422}},"13":{"start":{"line":93,"column":16},"end":{"line":93,"column":100}},"14":{"start":{"line":95,"column":12},"end":{"line":95,"column":47}},"15":{"start":{"line":97,"column":12},"end":{"line":97,"column":32}},"16":{"start":{"line":102,"column":8},"end":{"line":102,"column":106}},"17":{"start":{"line":110,"column":8},"end":{"line":110,"column":67}},"18":{"start":{"line":111,"column":8},"end":{"line":111,"column":80}},"19":{"start":{"line":112,"column":8},"end":{"line":112,"column":4264}},"20":{"start":{"line":113,"column":12},"end":{"line":113,"column":41}},"21":{"start":{"line":115,"column":8},"end":{"line":115,"column":21}},"22":{"start":{"line":127,"column":8},"end":{"line":127,"column":68}},"23":{"start":{"line":142,"column":8},"end":{"line":142,"column":24}}},"branchMap":{"1":{"line":43,"type":"if","locations":[{"start":{"line":43,"column":8},"end":{"line":43,"column":8}},{"start":{"line":43,"column":8},"end":{"line":43,"column":8}}]},"2":{"line":90,"type":"if","locations":[{"start":{"line":90,"column":8},"end":{"line":90,"column":8}},{"start":{"line":90,"column":8},"end":{"line":90,"column":8}}]},"3":{"line":112,"type":"if","locations":[{"start":{"line":112,"column":8},"end":{"line":112,"column":8}},{"start":{"line":112,"column":8},"end":{"line":112,"column":8}}]},"4":{"line":127,"type":"if","locations":[{"start":{"line":127,"column":8},"end":{"line":127,"column":8}},{"start":{"line":127,"column":8},"end":{"line":127,"column":8}}]}}},"contracts/DtravelFactory.sol":{"l":{"36":300,"40":55,"41":51,"45":53,"46":53,"47":52,"51":52,"52":52,"53":52,"54":52,"55":52,"56":52,"57":52,"59":52,"68":22,"69":22,"73":20,"83":4,"91":3,"101":2},"path":"/Users/hahung/Development/Workspace/solidity/dtravel-payment-contracts/contracts/DtravelFactory.sol","s":{"1":300,"2":55,"3":53,"4":53,"5":52,"6":52,"7":52,"8":52,"9":52,"10":52,"11":52,"12":52,"13":22,"14":22,"15":20,"16":4,"17":3,"18":2},"b":{"1":[51,4],"2":[52,1],"3":[52,0],"4":[52,0]},"f":{"1":300,"2":55,"3":53,"4":52,"5":22,"6":20,"7":4,"8":3,"9":2},"fnMap":{"1":{"name":"constructor","line":35,"loc":{"start":{"line":35,"column":4},"end":{"line":37,"column":4}}},"2":{"name":"onlyMatchingProperty","line":39,"loc":{"start":{"line":39,"column":4},"end":{"line":42,"column":4}}},"3":{"name":"onlyOwnerOrDtravelBackend","line":44,"loc":{"start":{"line":44,"column":4},"end":{"line":48,"column":4}}},"4":{"name":"deployProperty","line":50,"loc":{"start":{"line":50,"column":4},"end":{"line":60,"column":4}}},"5":{"name":"verifyBookingData","line":65,"loc":{"start":{"line":62,"column":4},"end":{"line":70,"column":4}}},"6":{"name":"book","line":72,"loc":{"start":{"line":72,"column":4},"end":{"line":74,"column":4}}},"7":{"name":"cancelByGuest","line":82,"loc":{"start":{"line":76,"column":4},"end":{"line":84,"column":4}}},"8":{"name":"cancelByHost","line":90,"loc":{"start":{"line":86,"column":4},"end":{"line":92,"column":4}}},"9":{"name":"payout","line":100,"loc":{"start":{"line":94,"column":4},"end":{"line":102,"column":4}}}},"statementMap":{"1":{"start":{"line":36,"column":8},"end":{"line":36,"column":31}},"2":{"start":{"line":40,"column":8},"end":{"line":40,"column":82}},"3":{"start":{"line":45,"column":8},"end":{"line":45,"column":62}},"4":{"start":{"line":46,"column":8},"end":{"line":46,"column":133}},"5":{"start":{"line":51,"column":8},"end":{"line":51,"column":64}},"6":{"start":{"line":52,"column":8},"end":{"line":52,"column":71}},"7":{"start":{"line":53,"column":8},"end":{"line":53,"column":64}},"8":{"start":{"line":54,"column":8},"end":{"line":54,"column":1915}},"9":{"start":{"line":55,"column":12},"end":{"line":55,"column":105}},"10":{"start":{"line":56,"column":12},"end":{"line":56,"column":52}},"11":{"start":{"line":57,"column":12},"end":{"line":57,"column":44}},"12":{"start":{"line":59,"column":8},"end":{"line":59,"column":53}},"13":{"start":{"line":68,"column":8},"end":{"line":68,"column":62}},"14":{"start":{"line":69,"column":8},"end":{"line":69,"column":93}},"15":{"start":{"line":73,"column":8},"end":{"line":73,"column":58}},"16":{"start":{"line":83,"column":8},"end":{"line":83,"column":112}},"17":{"start":{"line":91,"column":8},"end":{"line":91,"column":81}},"18":{"start":{"line":101,"column":8},"end":{"line":101,"column":104}}},"branchMap":{"1":{"line":40,"type":"if","locations":[{"start":{"line":40,"column":8},"end":{"line":40,"column":8}},{"start":{"line":40,"column":8},"end":{"line":40,"column":8}}]},"2":{"line":46,"type":"if","locations":[{"start":{"line":46,"column":8},"end":{"line":46,"column":8}},{"start":{"line":46,"column":8},"end":{"line":46,"column":8}}]},"3":{"line":51,"type":"if","locations":[{"start":{"line":51,"column":8},"end":{"line":51,"column":8}},{"start":{"line":51,"column":8},"end":{"line":51,"column":8}}]},"4":{"line":52,"type":"if","locations":[{"start":{"line":52,"column":8},"end":{"line":52,"column":8}},{"start":{"line":52,"column":8},"end":{"line":52,"column":8}}]}}},"contracts/DtravelProperty.sol":{"l":{"33":52,"34":52,"35":52,"36":52,"43":8,"48":6,"52":2,"56":1,"63":24,"64":24,"65":23,"66":22,"67":22,"71":22,"73":22,"74":44,"80":22,"81":22,"82":22,"89":22,"91":21,"100":24,"102":21,"103":21,"104":21,"105":21,"106":42,"108":21,"109":21,"110":21,"111":21,"112":21,"113":21,"114":21,"116":21,"118":21,"121":20,"125":9,"131":8,"133":9,"137":7,"138":6,"139":6,"140":5,"142":4,"143":4,"144":6,"145":3,"146":3,"150":4,"153":4,"154":4,"156":4,"157":4,"158":4,"160":4,"169":5,"170":4,"171":4,"172":4,"174":3,"176":3,"181":1,"183":2,"184":3,"185":2,"189":2,"190":2,"195":3,"197":2,"198":2,"200":2,"206":2,"207":2,"209":2,"210":2,"212":2,"220":3,"221":3,"222":3,"229":3,"231":3,"233":3,"235":3,"239":2,"243":3,"244":3,"245":3,"246":3,"247":4,"249":3,"253":43,"254":43,"255":41,"259":9},"path":"/Users/hahung/Development/Workspace/solidity/dtravel-payment-contracts/contracts/DtravelProperty.sol","s":{"1":52,"2":52,"3":52,"4":52,"5":8,"6":2,"7":1,"8":24,"9":24,"10":23,"11":22,"12":22,"13":22,"14":22,"15":44,"16":22,"17":22,"18":22,"19":22,"20":21,"21":24,"22":21,"23":21,"24":21,"25":21,"26":42,"27":21,"28":21,"29":21,"30":21,"31":21,"32":21,"33":21,"34":21,"35":21,"36":20,"37":9,"38":8,"39":9,"40":7,"41":6,"42":6,"43":5,"44":4,"45":4,"46":6,"47":3,"48":4,"49":4,"50":4,"51":4,"52":4,"53":4,"54":4,"55":5,"56":4,"57":4,"58":4,"59":3,"60":3,"61":1,"62":2,"63":3,"64":2,"65":2,"66":3,"67":2,"68":2,"69":2,"70":2,"71":2,"72":2,"73":2,"74":2,"75":3,"76":3,"77":3,"78":3,"79":3,"80":3,"81":3,"82":2,"83":3,"84":3,"85":3,"86":3,"87":4,"88":3,"89":43,"90":43,"91":41,"92":9},"b":{"1":[6,2],"2":[24,0],"3":[23,1],"4":[22,1],"5":[22,0],"6":[22,0],"7":[22,0],"8":[44,0],"9":[22,0],"10":[22,0],"11":[21,1],"12":[8,1],"13":[6,0],"14":[5,1],"15":[4,1],"16":[3,3],"17":[4,0],"18":[3,1],"19":[1,2],"20":[2,1],"21":[2,0],"22":[2,1],"23":[3,0],"24":[3,0],"25":[3,0],"26":[41,2]},"f":{"1":52,"2":8,"3":2,"4":1,"5":24,"6":24,"7":9,"8":7,"9":5,"10":3,"11":2,"12":3,"13":43,"14":9},"fnMap":{"1":{"name":"constructor","line":27,"loc":{"start":{"line":27,"column":4},"end":{"line":37,"column":4}}},"2":{"name":"onlyHostOrDelegate","line":42,"loc":{"start":{"line":42,"column":4},"end":{"line":49,"column":4}}},"3":{"name":"approve","line":51,"loc":{"start":{"line":51,"column":4},"end":{"line":53,"column":4}}},"4":{"name":"revoke","line":55,"loc":{"start":{"line":55,"column":4},"end":{"line":57,"column":4}}},"5":{"name":"_validateBookingParameters","line":59,"loc":{"start":{"line":59,"column":4},"end":{"line":92,"column":4}}},"6":{"name":"book","line":98,"loc":{"start":{"line":98,"column":4},"end":{"line":122,"column":4}}},"7":{"name":"_updateBookingStatus","line":124,"loc":{"start":{"line":124,"column":4},"end":{"line":134,"column":4}}},"8":{"name":"cancel","line":136,"loc":{"start":{"line":136,"column":4},"end":{"line":161,"column":4}}},"9":{"name":"payout","line":168,"loc":{"start":{"line":168,"column":4},"end":{"line":213,"column":4}}},"10":{"name":"cancelByHost","line":219,"loc":{"start":{"line":219,"column":4},"end":{"line":236,"column":4}}},"11":{"name":"totalBooking","line":238,"loc":{"start":{"line":238,"column":4},"end":{"line":240,"column":4}}},"12":{"name":"bookingHistory","line":242,"loc":{"start":{"line":242,"column":4},"end":{"line":250,"column":4}}},"13":{"name":"getBookingIndex","line":252,"loc":{"start":{"line":252,"column":4},"end":{"line":256,"column":4}}},"14":{"name":"getBooking","line":258,"loc":{"start":{"line":258,"column":4},"end":{"line":260,"column":4}}}},"statementMap":{"1":{"start":{"line":33,"column":8},"end":{"line":33,"column":15}},"2":{"start":{"line":34,"column":8},"end":{"line":34,"column":47}},"3":{"start":{"line":35,"column":8},"end":{"line":35,"column":50}},"4":{"start":{"line":36,"column":8},"end":{"line":36,"column":19}},"5":{"start":{"line":43,"column":8},"end":{"line":43,"column":1548}},"6":{"start":{"line":52,"column":8},"end":{"line":52,"column":37}},"7":{"start":{"line":56,"column":8},"end":{"line":56,"column":38}},"8":{"start":{"line":63,"column":8},"end":{"line":63,"column":87}},"9":{"start":{"line":64,"column":8},"end":{"line":64,"column":105}},"10":{"start":{"line":65,"column":8},"end":{"line":65,"column":99}},"11":{"start":{"line":66,"column":8},"end":{"line":66,"column":118}},"12":{"start":{"line":67,"column":8},"end":{"line":67,"column":2546}},"13":{"start":{"line":71,"column":8},"end":{"line":71,"column":121}},"14":{"start":{"line":73,"column":8},"end":{"line":73,"column":2843}},"15":{"start":{"line":74,"column":12},"end":{"line":74,"column":2927}},"16":{"start":{"line":80,"column":8},"end":{"line":80,"column":3126}},"17":{"start":{"line":81,"column":12},"end":{"line":81,"column":3189}},"18":{"start":{"line":82,"column":16},"end":{"line":82,"column":3281}},"19":{"start":{"line":89,"column":8},"end":{"line":89,"column":101}},"20":{"start":{"line":91,"column":8},"end":{"line":91,"column":19}},"21":{"start":{"line":100,"column":8},"end":{"line":100,"column":54}},"22":{"start":{"line":102,"column":8},"end":{"line":102,"column":37}},"23":{"start":{"line":103,"column":8},"end":{"line":103,"column":22}},"24":{"start":{"line":104,"column":8},"end":{"line":104,"column":50}},"25":{"start":{"line":105,"column":8},"end":{"line":105,"column":4112}},"26":{"start":{"line":106,"column":12},"end":{"line":106,"column":92}},"27":{"start":{"line":108,"column":8},"end":{"line":108,"column":52}},"28":{"start":{"line":109,"column":8},"end":{"line":109,"column":73}},"29":{"start":{"line":110,"column":8},"end":{"line":110,"column":75}},"30":{"start":{"line":111,"column":8},"end":{"line":111,"column":61}},"31":{"start":{"line":112,"column":8},"end":{"line":112,"column":44}},"32":{"start":{"line":113,"column":8},"end":{"line":113,"column":51}},"33":{"start":{"line":114,"column":8},"end":{"line":114,"column":63}},"34":{"start":{"line":116,"column":8},"end":{"line":116,"column":56}},"35":{"start":{"line":118,"column":8},"end":{"line":118,"column":87}},"36":{"start":{"line":121,"column":8},"end":{"line":121,"column":46}},"37":{"start":{"line":125,"column":8},"end":{"line":125,"column":5064}},"38":{"start":{"line":131,"column":12},"end":{"line":131,"column":60}},"39":{"start":{"line":133,"column":8},"end":{"line":133,"column":61}},"40":{"start":{"line":137,"column":8},"end":{"line":137,"column":70}},"41":{"start":{"line":138,"column":8},"end":{"line":138,"column":79}},"42":{"start":{"line":139,"column":8},"end":{"line":139,"column":94}},"43":{"start":{"line":140,"column":8},"end":{"line":140,"column":89}},"44":{"start":{"line":142,"column":8},"end":{"line":142,"column":27}},"45":{"start":{"line":143,"column":8},"end":{"line":143,"column":5898}},"46":{"start":{"line":144,"column":12},"end":{"line":144,"column":5982}},"47":{"start":{"line":145,"column":16},"end":{"line":145,"column":73}},"48":{"start":{"line":150,"column":8},"end":{"line":150,"column":71}},"49":{"start":{"line":153,"column":8},"end":{"line":153,"column":97}},"50":{"start":{"line":154,"column":8},"end":{"line":154,"column":75}},"51":{"start":{"line":156,"column":8},"end":{"line":156,"column":65}},"52":{"start":{"line":157,"column":8},"end":{"line":157,"column":55}},"53":{"start":{"line":158,"column":8},"end":{"line":158,"column":87}},"54":{"start":{"line":160,"column":8},"end":{"line":160,"column":106}},"55":{"start":{"line":169,"column":8},"end":{"line":169,"column":49}},"56":{"start":{"line":170,"column":8},"end":{"line":170,"column":46}},"57":{"start":{"line":171,"column":8},"end":{"line":171,"column":79}},"58":{"start":{"line":172,"column":8},"end":{"line":172,"column":96}},"59":{"start":{"line":174,"column":8},"end":{"line":174,"column":24}},"60":{"start":{"line":176,"column":8},"end":{"line":176,"column":7409}},"61":{"start":{"line":181,"column":12},"end":{"line":181,"column":37}},"62":{"start":{"line":183,"column":12},"end":{"line":183,"column":7673}},"63":{"start":{"line":184,"column":16},"end":{"line":184,"column":7761}},"64":{"start":{"line":185,"column":20},"end":{"line":185,"column":7889}},"65":{"start":{"line":189,"column":20},"end":{"line":189,"column":92}},"66":{"start":{"line":195,"column":8},"end":{"line":195,"column":61}},"67":{"start":{"line":197,"column":8},"end":{"line":197,"column":59}},"68":{"start":{"line":198,"column":8},"end":{"line":198,"column":45}},"69":{"start":{"line":200,"column":8},"end":{"line":200,"column":8411}},"70":{"start":{"line":206,"column":8},"end":{"line":206,"column":74}},"71":{"start":{"line":207,"column":8},"end":{"line":207,"column":54}},"72":{"start":{"line":209,"column":8},"end":{"line":209,"column":55}},"73":{"start":{"line":210,"column":8},"end":{"line":210,"column":87}},"74":{"start":{"line":212,"column":8},"end":{"line":212,"column":115}},"75":{"start":{"line":220,"column":8},"end":{"line":220,"column":70}},"76":{"start":{"line":221,"column":8},"end":{"line":221,"column":79}},"77":{"start":{"line":222,"column":8},"end":{"line":222,"column":9508}},"78":{"start":{"line":229,"column":8},"end":{"line":229,"column":45}},"79":{"start":{"line":231,"column":8},"end":{"line":231,"column":70}},"80":{"start":{"line":233,"column":8},"end":{"line":233,"column":65}},"81":{"start":{"line":235,"column":8},"end":{"line":235,"column":77}},"82":{"start":{"line":239,"column":8},"end":{"line":239,"column":30}},"83":{"start":{"line":243,"column":8},"end":{"line":243,"column":89}},"84":{"start":{"line":244,"column":8},"end":{"line":244,"column":116}},"85":{"start":{"line":245,"column":8},"end":{"line":245,"column":61}},"86":{"start":{"line":246,"column":8},"end":{"line":246,"column":10548}},"87":{"start":{"line":247,"column":12},"end":{"line":247,"column":48}},"88":{"start":{"line":249,"column":8},"end":{"line":249,"column":21}},"89":{"start":{"line":253,"column":8},"end":{"line":253,"column":51}},"90":{"start":{"line":254,"column":8},"end":{"line":254,"column":65}},"91":{"start":{"line":255,"column":8},"end":{"line":255,"column":28}},"92":{"start":{"line":259,"column":8},"end":{"line":259,"column":52}}},"branchMap":{"1":{"line":43,"type":"if","locations":[{"start":{"line":43,"column":8},"end":{"line":43,"column":8}},{"start":{"line":43,"column":8},"end":{"line":43,"column":8}}]},"2":{"line":63,"type":"if","locations":[{"start":{"line":63,"column":8},"end":{"line":63,"column":8}},{"start":{"line":63,"column":8},"end":{"line":63,"column":8}}]},"3":{"line":64,"type":"if","locations":[{"start":{"line":64,"column":8},"end":{"line":64,"column":8}},{"start":{"line":64,"column":8},"end":{"line":64,"column":8}}]},"4":{"line":65,"type":"if","locations":[{"start":{"line":65,"column":8},"end":{"line":65,"column":8}},{"start":{"line":65,"column":8},"end":{"line":65,"column":8}}]},"5":{"line":66,"type":"if","locations":[{"start":{"line":66,"column":8},"end":{"line":66,"column":8}},{"start":{"line":66,"column":8},"end":{"line":66,"column":8}}]},"6":{"line":67,"type":"if","locations":[{"start":{"line":67,"column":8},"end":{"line":67,"column":8}},{"start":{"line":67,"column":8},"end":{"line":67,"column":8}}]},"7":{"line":71,"type":"if","locations":[{"start":{"line":71,"column":8},"end":{"line":71,"column":8}},{"start":{"line":71,"column":8},"end":{"line":71,"column":8}}]},"8":{"line":74,"type":"if","locations":[{"start":{"line":74,"column":12},"end":{"line":74,"column":12}},{"start":{"line":74,"column":12},"end":{"line":74,"column":12}}]},"9":{"line":80,"type":"if","locations":[{"start":{"line":80,"column":8},"end":{"line":80,"column":8}},{"start":{"line":80,"column":8},"end":{"line":80,"column":8}}]},"10":{"line":82,"type":"if","locations":[{"start":{"line":82,"column":16},"end":{"line":82,"column":16}},{"start":{"line":82,"column":16},"end":{"line":82,"column":16}}]},"11":{"line":89,"type":"if","locations":[{"start":{"line":89,"column":8},"end":{"line":89,"column":8}},{"start":{"line":89,"column":8},"end":{"line":89,"column":8}}]},"12":{"line":125,"type":"if","locations":[{"start":{"line":125,"column":8},"end":{"line":125,"column":8}},{"start":{"line":125,"column":8},"end":{"line":125,"column":8}}]},"13":{"line":138,"type":"if","locations":[{"start":{"line":138,"column":8},"end":{"line":138,"column":8}},{"start":{"line":138,"column":8},"end":{"line":138,"column":8}}]},"14":{"line":139,"type":"if","locations":[{"start":{"line":139,"column":8},"end":{"line":139,"column":8}},{"start":{"line":139,"column":8},"end":{"line":139,"column":8}}]},"15":{"line":140,"type":"if","locations":[{"start":{"line":140,"column":8},"end":{"line":140,"column":8}},{"start":{"line":140,"column":8},"end":{"line":140,"column":8}}]},"16":{"line":144,"type":"if","locations":[{"start":{"line":144,"column":12},"end":{"line":144,"column":12}},{"start":{"line":144,"column":12},"end":{"line":144,"column":12}}]},"17":{"line":171,"type":"if","locations":[{"start":{"line":171,"column":8},"end":{"line":171,"column":8}},{"start":{"line":171,"column":8},"end":{"line":171,"column":8}}]},"18":{"line":172,"type":"if","locations":[{"start":{"line":172,"column":8},"end":{"line":172,"column":8}},{"start":{"line":172,"column":8},"end":{"line":172,"column":8}}]},"19":{"line":176,"type":"if","locations":[{"start":{"line":176,"column":8},"end":{"line":176,"column":8}},{"start":{"line":176,"column":8},"end":{"line":176,"column":8}}]},"20":{"line":184,"type":"if","locations":[{"start":{"line":184,"column":16},"end":{"line":184,"column":16}},{"start":{"line":184,"column":16},"end":{"line":184,"column":16}}]},"21":{"line":185,"type":"if","locations":[{"start":{"line":185,"column":20},"end":{"line":185,"column":20}},{"start":{"line":185,"column":20},"end":{"line":185,"column":20}}]},"22":{"line":195,"type":"if","locations":[{"start":{"line":195,"column":8},"end":{"line":195,"column":8}},{"start":{"line":195,"column":8},"end":{"line":195,"column":8}}]},"23":{"line":221,"type":"if","locations":[{"start":{"line":221,"column":8},"end":{"line":221,"column":8}},{"start":{"line":221,"column":8},"end":{"line":221,"column":8}}]},"24":{"line":222,"type":"if","locations":[{"start":{"line":222,"column":8},"end":{"line":222,"column":8}},{"start":{"line":222,"column":8},"end":{"line":222,"column":8}}]},"25":{"line":243,"type":"if","locations":[{"start":{"line":243,"column":8},"end":{"line":243,"column":8}},{"start":{"line":243,"column":8},"end":{"line":243,"column":8}}]},"26":{"line":254,"type":"if","locations":[{"start":{"line":254,"column":8},"end":{"line":254,"column":8}},{"start":{"line":254,"column":8},"end":{"line":254,"column":8}}]}}},"contracts/DtravelStructs.sol":{"l":{},"path":"/Users/hahung/Development/Workspace/solidity/dtravel-payment-contracts/contracts/DtravelStructs.sol","s":{},"b":{},"f":{},"fnMap":{},"statementMap":{},"branchMap":{}}}